
> frontend@0.1.0 build
> react-scripts build

Creating an optimized production build...
Browserslist: caniuse-lite is outdated. Please run:
  npx update-browserslist-db@latest
  Why you should do it regularly: https://github.com/browserslist/update-db#readme
Browserslist: caniuse-lite is outdated. Please run:
  npx update-browserslist-db@latest
  Why you should do it regularly: https://github.com/browserslist/update-db#readme

Treating warnings as errors because process.env.CI = true.
Most CI servers set it automatically.

Failed to compile.

[eslint] 
src\components\Admin\AdminDashboardMain.jsx
  Line 1:28:  'useState' is defined but never used                                                                         no-unused-vars
  Line 3:10:  'AiOutlineArrowRight' is defined but never used                                                              no-unused-vars
  Line 7:10:  'Button' is defined but never used                                                                           no-unused-vars
  Line 22:6:  React Hook useEffect has a missing dependency: 'dispatch'. Either include it or remove the dependency array  react-hooks/exhaustive-deps

src\components\Admin\AdminDashboardMessages.jsx
  Line 24:10:  'images' is assigned a value but never used                                                                                                                                                                                                                   no-unused-vars
  Line 288:6:  React Hook useEffect has missing dependencies: 'online' and 'setActiveStatus'. Either include them or remove the dependency array. If 'setActiveStatus' changes too often, find the parent component that defines it and wrap that definition in useCallback  react-hooks/exhaustive-deps
  Line 409:7:  The attribute aria-required is not supported by the role form. This role is implicit on the element form                                                                                                                                                      jsx-a11y/role-supports-aria-props

src\components\Admin\AllProducts.jsx
  Line 4:10:  'AiOutlineDelete' is defined but never used     no-unused-vars
  Line 5:10:  'useDispatch' is defined but never used         no-unused-vars
  Line 5:23:  'useSelector' is defined but never used         no-unused-vars
  Line 7:10:  'getAllProductsShop' is defined but never used  no-unused-vars
  Line 8:10:  'deleteProduct' is defined but never used       no-unused-vars
  Line 9:8:   'Loader' is defined but never used              no-unused-vars

src\components\Admin\AllUsers.jsx
  Line 3:10:  'Link' is defined but never used  no-unused-vars

src\components\Admin\AllWithdraw.jsx
  Line 4:10:  'Link' is defined but never used  no-unused-vars

src\components\Admin\Layout\AdminSideBar.jsx
  Line 5:23:  'CiSettings' is defined but never used  no-unused-vars

src\components\Events\Events.jsx
  Line 1:17:  'useEffect' is defined but never used  no-unused-vars

src\components\Layout\Header.jsx
  Line 4:26:  'productData' is defined but never used  no-unused-vars

src\components\OilRecommendation.jsx
  Line 10:12:  'viscosityMatch' is assigned a value but never used  no-unused-vars

src\components\Products\ProductDetails.jsx
  Line 40:6:  React Hook useEffect has a missing dependency: 'dispatch'. Either include it or remove the dependency array  react-hooks/exhaustive-deps

src\components\Products\SuggestedProduct.jsx
  Line 3:10:  'productData' is defined but never used                                                                                               no-unused-vars
  Line 15:6:  React Hook useEffect has missing dependencies: 'allProducts' and 'data.category'. Either include them or remove the dependency array  react-hooks/exhaustive-deps

src\components\Profile\ProfileContent.jsx
  Line 34:10:   'avatar' is assigned a value but never used                                                                                   no-unused-vars
  Line 47:6:    React Hook useEffect has a missing dependency: 'dispatch'. Either include it or remove the dependency array                   react-hooks/exhaustive-deps
  Line 141:13:  The attribute aria-required is not supported by the role form. This role is implicit on the element form                      jsx-a11y/role-supports-aria-props
  Line 255:6:   React Hook useEffect has missing dependencies: 'dispatch' and 'user._id'. Either include them or remove the dependency array  react-hooks/exhaustive-deps
  Line 340:6:   React Hook useEffect has missing dependencies: 'dispatch' and 'user._id'. Either include them or remove the dependency array  react-hooks/exhaustive-deps
  Line 428:6:   React Hook useEffect has missing dependencies: 'dispatch' and 'user._id'. Either include them or remove the dependency array  react-hooks/exhaustive-deps
  Line 536:9:   The attribute aria-required is not supported by the role form. This role is implicit on the element form                      jsx-a11y/role-supports-aria-props
  Line 653:15:  The attribute aria-required is not supported by the role form. This role is implicit on the element form                      jsx-a11y/role-supports-aria-props

src\components\Profile\ProfileSidebar.jsx
  Line 7:3:  'MdOutlinePassword' is defined but never used  no-unused-vars

src\components\Profile\TrackOrder.jsx
  Line 15:6:  React Hook useEffect has a missing dependency: 'user._id'. Either include it or remove the dependency array  react-hooks/exhaustive-deps

src\components\Route\FeaturedProduct\FeaturedProduct.jsx
  Line 1:17:  'useEffect' is defined but never used  no-unused-vars

src\components\Route\ProductCard\ProductCard.jsx
  Line 4:3:   'AiFillStar' is defined but never used                                                                       no-unused-vars
  Line 8:3:   'AiOutlineStar' is defined but never used                                                                    no-unused-vars
  Line 36:6:  React Hook useEffect has a missing dependency: 'data._id'. Either include it or remove the dependency array  react-hooks/exhaustive-deps

src\components\Route\ProductDetailsCard\ProductDetailsCard.jsx
  Line 60:6:  React Hook useEffect has a missing dependency: 'data._id'. Either include it or remove the dependency array  react-hooks/exhaustive-deps

src\components\Shop\AllCoupons.jsx
  Line 45:6:    React Hook useEffect has a missing dependency: 'seller._id'. Either include it or remove the dependency array  react-hooks/exhaustive-deps
  Line 163:17:  The attribute aria-required is not supported by the role form. This role is implicit on the element form       jsx-a11y/role-supports-aria-props

src\components\Shop\AllEvents.jsx
  Line 8:10:  'getAllProductsShop' is defined but never used                                                                 no-unused-vars
  Line 9:10:  'deleteProduct' is defined but never used                                                                      no-unused-vars
  Line 20:6:  React Hook useEffect has a missing dependency: 'seller._id'. Either include it or remove the dependency array  react-hooks/exhaustive-deps

src\components\Shop\AllOrders.jsx
  Line 18:6:  React Hook useEffect has a missing dependency: 'seller._id'. Either include it or remove the dependency array  react-hooks/exhaustive-deps

src\components\Shop\AllProducts.jsx
  Line 19:6:  React Hook useEffect has a missing dependency: 'seller._id'. Either include it or remove the dependency array  react-hooks/exhaustive-deps

src\components\Shop\AllRefundOrders.jsx
  Line 18:6:  React Hook useEffect has a missing dependency: 'seller._id'. Either include it or remove the dependency array  react-hooks/exhaustive-deps

src\components\Shop\CreateEvent.jsx
  Line 59:6:  React Hook useEffect has a missing dependency: 'navigate'. Either include it or remove the dependency array  react-hooks/exhaustive-deps

src\components\Shop\CreateProduct.jsx
  Line 33:6:  React Hook useEffect has a missing dependency: 'navigate'. Either include it or remove the dependency array  react-hooks/exhaustive-deps

src\components\Shop\DashboardHero.jsx
  Line 1:28:  'useState' is defined but never used                                                                           no-unused-vars
  Line 21:6:  React Hook useEffect has a missing dependency: 'seller._id'. Either include it or remove the dependency array  react-hooks/exhaustive-deps

src\components\Shop\DashboardMessages.jsx
  Line 5:10:    'useDispatch' is defined but never used                                                                    no-unused-vars
  Line 25:10:   'images' is assigned a value but never used                                                                no-unused-vars
  Line 275:53:  Expected '!==' and instead saw '!='                                                                        eqeqeq
  Line 379:19:  img elements must have an alt prop, either with meaningful text, or an empty string for decorative images  jsx-a11y/alt-text
  Line 405:7:   The attribute aria-required is not supported by the role form. This role is implicit on the element form   jsx-a11y/role-supports-aria-props

src\components\Shop\OrderDetails.jsx
  Line 13:19:  'isLoading' is assigned a value but never used                                                                 no-unused-vars
  Line 23:6:   React Hook useEffect has a missing dependency: 'seller._id'. Either include it or remove the dependency array  react-hooks/exhaustive-deps

src\components\Shop\ShopInfo.jsx
  Line 9:10:  'logoutSeller' is defined but never used                                                                                no-unused-vars
  Line 29:6:  React Hook useEffect has missing dependencies: 'dispatch' and 'id'. Either include them or remove the dependency array  react-hooks/exhaustive-deps

src\components\Shop\ShopLogin.jsx
  Line 1:17:  'useEffect' is defined but never used  no-unused-vars

src\components\Shop\ShopProfileData.jsx
  Line 19:6:  React Hook useEffect has a missing dependency: 'id'. Either include it or remove the dependency array  react-hooks/exhaustive-deps

src\components\Shop\ShopSettings.jsx
  Line 3:10:    'backend_url' is defined but never used                          no-unused-vars
  Line 101:11:  aria-aria-required: This attribute is an invalid ARIA attribute  jsx-a11y/aria-props

src\components\Shop\WithdrawMoney.jsx
  Line 30:6:  React Hook useEffect has a missing dependency: 'seller._id'. Either include it or remove the dependency array  react-hooks/exhaustive-deps

src\components\Wishlist\Wishlist.jsx
  Line 73:17:  'setValue' is assigned a value but never used  no-unused-vars

src\pages\ActivationPage.jsx
  Line 27:6:  React Hook useEffect has a missing dependency: 'activation_token'. Either include it or remove the dependency array  react-hooks/exhaustive-deps

src\pages\AdminDashboardOrders.jsx
  Line 11:24:  'adminOrderLoading' is assigned a value but never used                                                       no-unused-vars
  Line 17:6:   React Hook useEffect has a missing dependency: 'dispatch'. Either include it or remove the dependency array  react-hooks/exhaustive-deps

src\pages\BestSellingPage.jsx
  Line 3:10:  'useSearchParams' is defined but never used  no-unused-vars

src\pages\HomePage.jsx
  Line 8:8:  'Sponsored' is defined but never used  no-unused-vars

src\pages\ProductDetailsPage.jsx
  Line 25:6:  React Hook useEffect has missing dependencies: 'eventData' and 'id'. Either include them or remove the dependency array  react-hooks/exhaustive-deps

src\pages\ProductsPage.jsx
  Line 26:6:  React Hook useEffect has a missing dependency: 'categoryData'. Either include it or remove the dependency array  react-hooks/exhaustive-deps

src\pages\ShopCreate.jsx
  Line 14:6:  React Hook useEffect has missing dependencies: 'isSeller', 'navigate', and 'seller._id'. Either include them or remove the dependency array  react-hooks/exhaustive-deps

src\pages\ShopLoginPage.jsx
  Line 14:6:  React Hook useEffect has a missing dependency: 'navigate'. Either include it or remove the dependency array  react-hooks/exhaustive-deps

src\pages\Shop\ShopDashboardPage.jsx
  Line 10:9:  'dispatch' is assigned a value but never used  no-unused-vars

src\pages\Shop\ShopSettingsPage.jsx
  Line 2:8:  'Footer' is defined but never used  no-unused-vars

src\pages\SignupPage.jsx
  Line 14:6:  React Hook useEffect has missing dependencies: 'isAuthenticated' and 'navigate'. Either include them or remove the dependency array  react-hooks/exhaustive-deps

src\pages\UserInbox.jsx
  Line 24:10:   'images' is assigned a value but never used                                                                                                                                                                                                                   no-unused-vars
  Line 288:6:   React Hook useEffect has missing dependencies: 'online' and 'setActiveStatus'. Either include them or remove the dependency array. If 'setActiveStatus' changes too often, find the parent component that defines it and wrap that definition in useCallback  react-hooks/exhaustive-deps
  Line 380:17:  img elements must have an alt prop, either with meaningful text, or an empty string for decorative images                                                                                                                                                     jsx-a11y/alt-text
  Line 405:7:   The attribute aria-required is not supported by the role form. This role is implicit on the element form                                                                                                                                                      jsx-a11y/role-supports-aria-props

src\static\data.js
  Line 307:7:  Duplicate key 'category'  no-dupe-keys
  Line 338:7:  Duplicate key 'category'  no-dupe-keys
  Line 400:7:  Duplicate key 'category'  no-dupe-keys


